Environment variables:
  - =::=::\
  - =C:=C:\Users\orlyk\Desktop\projects_to_scan\Code_Injection\Code_Injection
  - ALLUSERSPROFILE=C:\ProgramData
  - APPDATA=C:\Users\orlyk\AppData\Roaming
  - COMPUTERNAME=ORLYK-LAPTOP
  - ComSpec=C:\WINDOWS\system32\cmd.exe
  - CommonProgramFiles=C:\Program Files\Common Files
  - CommonProgramFiles(x86)=C:\Program Files (x86)\Common Files
  - CommonProgramW6432=C:\Program Files\Common Files
  - DriverData=C:\Windows\System32\Drivers\DriverData
  - ERROR_CODE=0
  - FPS_BROWSER_APP_PROFILE_STRING=Internet Explorer
  - FPS_BROWSER_USER_PROFILE_STRING=Default
  - HOMEDRIVE=Z:
  - HOMEPATH=\
  - HOMESHARE=\\storage\users\orlyk
  - JAVA_EXEC="C:\Sonar\sonar-scanner-3.2.0.1227-windows\bin\..\jre\bin\java.exe"
  - JAVA_HOME=C:\Sonar\sonar-scanner-3.2.0.1227-windows\bin\..\jre
  - LOCALAPPDATA=C:\Users\orlyk\AppData\Local
  - LOGONSERVER=\\CX-DC01
  - M2_HOME=C:\Maven\apache-maven-3.5.4
  - MAVEN_HOME=C:\Maven\apache-maven-3.5.4
  - NUMBER_OF_PROCESSORS=4
  - OS=Windows_NT
  - OneDrive=C:\Users\orlyk\OneDrive
  - PATHEXT=.COM;.EXE;.BAT;.CMD;.VBS;.VBE;.JS;.JSE;.WSF;.WSH;.MSC
  - PROCESSOR_ARCHITECTURE=AMD64
  - PROCESSOR_IDENTIFIER=Intel64 Family 6 Model 142 Stepping 9, GenuineIntel
  - PROCESSOR_LEVEL=6
  - PROCESSOR_REVISION=8e09
  - PROJECT_HOME=C:\Users\orlyk\Desktop\projects_to_scan\Code_Injection\Code_Injection
  - PROMPT=$P$G
  - PSModulePath=C:\Program Files\WindowsPowerShell\Modules;C:\WINDOWS\system32\WindowsPowerShell\v1.0\Modules;C:\Program Files (x86)\Microsoft SQL Server\130\Tools\PowerShell\Modules\;C:\Program Files (x86)\Microsoft SQL Server\120\Tools\PowerShell\Modules\
  - PUBLIC=C:\Users\Public
  - Path=C:\Program Files (x86)\Common Files\Oracle\Java\javapath;C:\ProgramData\Oracle\Java\javapath;C:\WINDOWS\system32;C:\WINDOWS;C:\WINDOWS\System32\Wbem;C:\WINDOWS\System32\WindowsPowerShell\v1.0\;C:\WINDOWS\System32\OpenSSH\;%JAVA_HOME%\bin;C:\Maven\apache-maven-3.5.4\bin;C:\Program Files\Git\cmd;C:\Program Files\Microsoft SQL Server\Client SDK\ODBC\130\Tools\Binn\;C:\Program Files (x86)\Microsoft SQL Server\130\Tools\Binn\;C:\Program Files\Microsoft SQL Server\130\Tools\Binn\;C:\Program Files\Microsoft SQL Server\130\DTS\Binn\;C:\Program Files\Microsoft SQL Server\Client SDK\ODBC\110\Tools\Binn\;C:\Program Files (x86)\Microsoft SQL Server\120\Tools\Binn\ManagementStudio\;C:\Program Files (x86)\Microsoft SQL Server\120\Tools\Binn\;C:\Program Files\Microsoft SQL Server\120\Tools\Binn\;C:\Program Files (x86)\Microsoft SQL Server\120\DTS\Binn\;C:\Program Files\Microsoft SQL Server\120\DTS\Binn\;C:\Program Files\Intel\WiFi\bin\;C:\Program Files\Common Files\Intel\WirelessCommon\;C:\Program Files\nodejs\;C:\Program Files (x86)\Intel\Intel(R) Management Engine Components\DAL;C:\Program Files\Intel\Intel(R) Management Engine Components\DAL;C:\Users\orlyk\AppData\Local\Microsoft\WindowsApps;C:\Program Files\Intel\WiFi\bin\;C:\Program Files\Common Files\Intel\WirelessCommon\;C:\Users\orlyk\AppData\Local\Programs\Fiddler;C:\Users\orlyk\AppData\Roaming\npm
  - ProgramData=C:\ProgramData
  - ProgramFiles=C:\Program Files
  - ProgramFiles(x86)=C:\Program Files (x86)
  - ProgramW6432=C:\Program Files
  - SESSIONNAME=Console
  - SONAR_SCANNER_DEBUG_OPTS=-Xdebug -Xrunjdwp:transport=dt_socket,server=y,suspend=y,address=8000
  - SONAR_SCANNER_HOME=C:\Sonar\sonar-scanner-3.2.0.1227-windows\bin\..
  - SystemDrive=C:
  - SystemRoot=C:\WINDOWS
  - TEMP=C:\Users\orlyk\AppData\Local\Temp
  - TMP=C:\Users\orlyk\AppData\Local\Temp
  - USERDNSDOMAIN=DM.CX
  - USERDOMAIN=DM
  - USERDOMAIN_ROAMINGPROFILE=DM
  - USERNAME=orlyk
  - USERPROFILE=C:\Users\orlyk
  - scriptdir=C:\Sonar\sonar-scanner-3.2.0.1227-windows\bin
  - use_embedded_jre=true
  - windir=C:\WINDOWS
System properties:
  - awt.toolkit=sun.awt.windows.WToolkit
  - file.encoding=Cp1252
  - file.encoding.pkg=sun.io
  - file.separator=\
  - java.awt.graphicsenv=sun.awt.Win32GraphicsEnvironment
  - java.awt.headless=true
  - java.awt.printerjob=sun.awt.windows.WPrinterJob
  - java.class.path=C:\Sonar\sonar-scanner-3.2.0.1227-windows\bin\..\lib\sonar-scanner-cli-3.2.0.1227.jar
  - java.class.version=52.0
  - java.endorsed.dirs=C:\Sonar\sonar-scanner-3.2.0.1227-windows\jre\lib\endorsed
  - java.ext.dirs=C:\Sonar\sonar-scanner-3.2.0.1227-windows\jre\lib\ext;C:\WINDOWS\Sun\Java\lib\ext
  - java.home=C:\Sonar\sonar-scanner-3.2.0.1227-windows\jre
  - java.io.tmpdir=C:\Users\orlyk\AppData\Local\Temp\
  - java.library.path=C:\Sonar\sonar-scanner-3.2.0.1227-windows\jre\bin;C:\WINDOWS\Sun\Java\bin;C:\WINDOWS\system32;C:\WINDOWS;C:\Program Files (x86)\Common Files\Oracle\Java\javapath;C:\ProgramData\Oracle\Java\javapath;C:\WINDOWS\system32;C:\WINDOWS;C:\WINDOWS\System32\Wbem;C:\WINDOWS\System32\WindowsPowerShell\v1.0\;C:\WINDOWS\System32\OpenSSH\;%JAVA_HOME%\bin;C:\Maven\apache-maven-3.5.4\bin;C:\Program Files\Git\cmd;C:\Program Files\Microsoft SQL Server\Client SDK\ODBC\130\Tools\Binn\;C:\Program Files (x86)\Microsoft SQL Server\130\Tools\Binn\;C:\Program Files\Microsoft SQL Server\130\Tools\Binn\;C:\Program Files\Microsoft SQL Server\130\DTS\Binn\;C:\Program Files\Microsoft SQL Server\Client SDK\ODBC\110\Tools\Binn\;C:\Program Files (x86)\Microsoft SQL Server\120\Tools\Binn\ManagementStudio\;C:\Program Files (x86)\Microsoft SQL Server\120\Tools\Binn\;C:\Program Files\Microsoft SQL Server\120\Tools\Binn\;C:\Program Files (x86)\Microsoft SQL Server\120\DTS\Binn\;C:\Program Files\Microsoft SQL Server\120\DTS\Binn\;C:\Program Files\Intel\WiFi\bin\;C:\Program Files\Common Files\Intel\WirelessCommon\;C:\Program Files\nodejs\;C:\Program Files (x86)\Intel\Intel(R) Management Engine Components\DAL;C:\Program Files\Intel\Intel(R) Management Engine Components\DAL;C:\Users\orlyk\AppData\Local\Microsoft\WindowsApps;C:\Program Files\Intel\WiFi\bin\;C:\Program Files\Common Files\Intel\WirelessCommon\;C:\Users\orlyk\AppData\Local\Programs\Fiddler;C:\Users\orlyk\AppData\Roaming\npm;.
  - java.runtime.name=Java(TM) SE Runtime Environment
  - java.runtime.version=1.8.0_172-b11
  - java.specification.name=Java Platform API Specification
  - java.specification.vendor=Oracle Corporation
  - java.specification.version=1.8
  - java.vendor=Oracle Corporation
  - java.vendor.url=http://java.oracle.com/
  - java.vendor.url.bug=http://bugreport.sun.com/bugreport/
  - java.version=1.8.0_172
  - java.vm.info=mixed mode
  - java.vm.name=Java HotSpot(TM) 64-Bit Server VM
  - java.vm.specification.name=Java Virtual Machine Specification
  - java.vm.specification.vendor=Oracle Corporation
  - java.vm.specification.version=1.8
  - java.vm.vendor=Oracle Corporation
  - java.vm.version=25.172-b11
  - line.separator=

  - os.arch=amd64
  - os.name=Windows 10
  - os.version=10.0
  - path.separator=;
  - project.home=C:\Users\orlyk\Desktop\projects_to_scan\Code_Injection\Code_Injection
  - scanner.home=C:\Sonar\sonar-scanner-3.2.0.1227-windows\bin\..
  - sun.arch.data.model=64
  - sun.boot.class.path=C:\Sonar\sonar-scanner-3.2.0.1227-windows\jre\lib\resources.jar;C:\Sonar\sonar-scanner-3.2.0.1227-windows\jre\lib\rt.jar;C:\Sonar\sonar-scanner-3.2.0.1227-windows\jre\lib\sunrsasign.jar;C:\Sonar\sonar-scanner-3.2.0.1227-windows\jre\lib\jsse.jar;C:\Sonar\sonar-scanner-3.2.0.1227-windows\jre\lib\jce.jar;C:\Sonar\sonar-scanner-3.2.0.1227-windows\jre\lib\charsets.jar;C:\Sonar\sonar-scanner-3.2.0.1227-windows\jre\lib\jfr.jar;C:\Sonar\sonar-scanner-3.2.0.1227-windows\jre\classes
  - sun.boot.library.path=C:\Sonar\sonar-scanner-3.2.0.1227-windows\jre\bin
  - sun.cpu.endian=little
  - sun.cpu.isalist=amd64
  - sun.desktop=windows
  - sun.io.unicode.encoding=UnicodeLittle
  - sun.java.command=org.sonarsource.scanner.cli.Main -X -Dsonar.host.url=http://localhost:9000 -DsonarLogin=admin -DsonarPassword=admin -Dsonar.projectKey=CxJava -Dsonar.sources=C:\Users\orlyk\Desktop\projects_to_scan\Code_Injection\Code_Injection -Dsonar.java.binaries=C:\Users\orlyk\Desktop\projects_to_scan\Code_Injection\Code_Injection.zip
  - sun.java.launcher=SUN_STANDARD
  - sun.jnu.encoding=Cp1252
  - sun.management.compiler=HotSpot 64-Bit Tiered Compilers
  - sun.os.patch.level=
  - sun.stderr.encoding=cp437
  - sun.stdout.encoding=cp437
  - user.country=US
  - user.dir=C:\Users\orlyk\Desktop\projects_to_scan\Code_Injection\Code_Injection
  - user.home=C:\Users\orlyk
  - user.language=en
  - user.name=orlyk
  - user.script=
  - user.timezone=Asia/Jerusalem
  - user.variant=
SonarQube plugins:
  - SonarPython 1.13.0.2922 (python)
  - SonarCSS 1.0.3.724 (cssfamily)
  - JaCoCo 1.0.1.143 (jacoco)
  - SonarGo 1.1.0.1612 (go)
  - SonarKotlin 1.5.0.315 (kotlin)
  - Svn 1.9.0.1295 (scmsvn)
  - SonarJS 5.1.1.7506 (javascript)
  - Checkmarx plugin 9.00.0-SNAPSHOT (checkmarx)
  - SonarRuby 1.5.0.315 (ruby)
  - SonarScala 1.5.0.315 (sonarscala)
  - SonarC# 7.11.0.8083 (csharp)
  - SonarJava 5.11.0.17289 (java)
  - LDAP 2.2.0.608 (ldap)
  - SonarHTML 3.1.0.1615 (web)
  - Git 1.8.0.1574 (scmgit)
  - SonarFlex 2.4.0.1222 (flex)
  - SonarXML 2.0.1.2020 (xml)
  - SonarPHP 3.0.0.4537 (php)
  - SonarTS 1.9.0.3766 (typescript)
  - SonarVB 7.11.0.8083 (vbnet)
Global server settings:
  - sonar.core.id=43B6D5B8-AWtAbs78BlM0dmWLOnl0
  - sonar.core.startTime=2019-06-10T11:08:52+0300
Project server settings:
Project scanner properties:
  - sonar.host.url=http://localhost:9000
  - sonar.java.binaries=C:\Users\orlyk\Desktop\projects_to_scan\Code_Injection\Code_Injection.zip
  - sonar.projectBaseDir=C:\Users\orlyk\Desktop\projects_to_scan\Code_Injection\Code_Injection
  - sonar.projectKey=CxJava
  - sonar.scanner.app=ScannerCli
  - sonar.scanner.appVersion=3.2.0.1227
  - sonar.scanner.opts=-Djdk.logging.allowStackWalkSearch=true
  - sonar.sourceEncoding=windows-1252
  - sonar.sources=C:\Users\orlyk\Desktop\projects_to_scan\Code_Injection\Code_Injection
  - sonar.verbose=true
  - sonar.working.directory=C:\Users\orlyk\Desktop\projects_to_scan\Code_Injection\Code_Injection\.scannerwork
